<?xml version="1.0" encoding="UTF-8"?>
<testsuite xmlns:xsi="http://www.w3.org/2001/XMLSchema-instance" xsi:noNamespaceSchemaLocation="https://maven.apache.org/surefire/maven-surefire-plugin/xsd/surefire-test-report.xsd" name="tmcowley.appserver.APITest" time="11.36" tests="2" errors="0" skipped="0" failures="0">
  <properties>
    <property name="java.specification.version" value="17"/>
    <property name="sun.jnu.encoding" value="UTF-8"/>
    <property name="java.class.path" value="/Users/tom/mirrored-keyboard/app-server/target/test-classes:/Users/tom/mirrored-keyboard/app-server/target/classes:/Users/tom/.m2/repository/org/springframework/boot/spring-boot-starter-web/2.5.6/spring-boot-starter-web-2.5.6.jar:/Users/tom/.m2/repository/org/springframework/boot/spring-boot-starter/2.5.6/spring-boot-starter-2.5.6.jar:/Users/tom/.m2/repository/org/springframework/boot/spring-boot-starter-logging/2.5.6/spring-boot-starter-logging-2.5.6.jar:/Users/tom/.m2/repository/ch/qos/logback/logback-classic/1.2.6/logback-classic-1.2.6.jar:/Users/tom/.m2/repository/ch/qos/logback/logback-core/1.2.6/logback-core-1.2.6.jar:/Users/tom/.m2/repository/org/apache/logging/log4j/log4j-to-slf4j/2.14.1/log4j-to-slf4j-2.14.1.jar:/Users/tom/.m2/repository/org/apache/logging/log4j/log4j-api/2.14.1/log4j-api-2.14.1.jar:/Users/tom/.m2/repository/org/slf4j/jul-to-slf4j/1.7.32/jul-to-slf4j-1.7.32.jar:/Users/tom/.m2/repository/jakarta/annotation/jakarta.annotation-api/1.3.5/jakarta.annotation-api-1.3.5.jar:/Users/tom/.m2/repository/org/yaml/snakeyaml/1.28/snakeyaml-1.28.jar:/Users/tom/.m2/repository/org/springframework/boot/spring-boot-starter-json/2.5.6/spring-boot-starter-json-2.5.6.jar:/Users/tom/.m2/repository/com/fasterxml/jackson/core/jackson-databind/2.12.5/jackson-databind-2.12.5.jar:/Users/tom/.m2/repository/com/fasterxml/jackson/core/jackson-annotations/2.12.5/jackson-annotations-2.12.5.jar:/Users/tom/.m2/repository/com/fasterxml/jackson/core/jackson-core/2.12.5/jackson-core-2.12.5.jar:/Users/tom/.m2/repository/com/fasterxml/jackson/datatype/jackson-datatype-jdk8/2.12.5/jackson-datatype-jdk8-2.12.5.jar:/Users/tom/.m2/repository/com/fasterxml/jackson/datatype/jackson-datatype-jsr310/2.12.5/jackson-datatype-jsr310-2.12.5.jar:/Users/tom/.m2/repository/com/fasterxml/jackson/module/jackson-module-parameter-names/2.12.5/jackson-module-parameter-names-2.12.5.jar:/Users/tom/.m2/repository/org/springframework/boot/spring-boot-starter-tomcat/2.5.6/spring-boot-starter-tomcat-2.5.6.jar:/Users/tom/.m2/repository/org/apache/tomcat/embed/tomcat-embed-core/9.0.54/tomcat-embed-core-9.0.54.jar:/Users/tom/.m2/repository/org/apache/tomcat/embed/tomcat-embed-el/9.0.54/tomcat-embed-el-9.0.54.jar:/Users/tom/.m2/repository/org/apache/tomcat/embed/tomcat-embed-websocket/9.0.54/tomcat-embed-websocket-9.0.54.jar:/Users/tom/.m2/repository/org/springframework/spring-web/5.3.12/spring-web-5.3.12.jar:/Users/tom/.m2/repository/org/springframework/spring-beans/5.3.12/spring-beans-5.3.12.jar:/Users/tom/.m2/repository/org/springframework/spring-webmvc/5.3.12/spring-webmvc-5.3.12.jar:/Users/tom/.m2/repository/org/springframework/spring-aop/5.3.12/spring-aop-5.3.12.jar:/Users/tom/.m2/repository/org/springframework/spring-context/5.3.12/spring-context-5.3.12.jar:/Users/tom/.m2/repository/org/springframework/spring-expression/5.3.12/spring-expression-5.3.12.jar:/Users/tom/.m2/repository/org/jetbrains/kotlin/kotlin-reflect/1.6.10/kotlin-reflect-1.6.10.jar:/Users/tom/.m2/repository/org/jetbrains/kotlin/kotlin-stdlib/1.6.10/kotlin-stdlib-1.6.10.jar:/Users/tom/.m2/repository/org/jetbrains/annotations/13.0/annotations-13.0.jar:/Users/tom/.m2/repository/org/jetbrains/kotlin/kotlin-stdlib-jdk8/1.6.10/kotlin-stdlib-jdk8-1.6.10.jar:/Users/tom/.m2/repository/org/jetbrains/kotlin/kotlin-stdlib-jdk7/1.6.10/kotlin-stdlib-jdk7-1.6.10.jar:/Users/tom/.m2/repository/org/springframework/session/spring-session-core/2.5.3/spring-session-core-2.5.3.jar:/Users/tom/.m2/repository/org/springframework/spring-jcl/5.3.12/spring-jcl-5.3.12.jar:/Users/tom/.m2/repository/org/springframework/boot/spring-boot-devtools/2.5.6/spring-boot-devtools-2.5.6.jar:/Users/tom/.m2/repository/org/springframework/boot/spring-boot/2.5.6/spring-boot-2.5.6.jar:/Users/tom/.m2/repository/org/springframework/boot/spring-boot-autoconfigure/2.5.6/spring-boot-autoconfigure-2.5.6.jar:/Users/tom/.m2/repository/org/postgresql/postgresql/42.2.24/postgresql-42.2.24.jar:/Users/tom/.m2/repository/org/checkerframework/checker-qual/3.5.0/checker-qual-3.5.0.jar:/Users/tom/.m2/repository/org/springframework/boot/spring-boot-starter-test/2.5.6/spring-boot-starter-test-2.5.6.jar:/Users/tom/.m2/repository/org/springframework/boot/spring-boot-test/2.5.6/spring-boot-test-2.5.6.jar:/Users/tom/.m2/repository/org/springframework/boot/spring-boot-test-autoconfigure/2.5.6/spring-boot-test-autoconfigure-2.5.6.jar:/Users/tom/.m2/repository/com/jayway/jsonpath/json-path/2.5.0/json-path-2.5.0.jar:/Users/tom/.m2/repository/net/minidev/json-smart/2.4.7/json-smart-2.4.7.jar:/Users/tom/.m2/repository/net/minidev/accessors-smart/2.4.7/accessors-smart-2.4.7.jar:/Users/tom/.m2/repository/org/ow2/asm/asm/9.1/asm-9.1.jar:/Users/tom/.m2/repository/org/slf4j/slf4j-api/1.7.32/slf4j-api-1.7.32.jar:/Users/tom/.m2/repository/jakarta/xml/bind/jakarta.xml.bind-api/2.3.3/jakarta.xml.bind-api-2.3.3.jar:/Users/tom/.m2/repository/jakarta/activation/jakarta.activation-api/1.2.2/jakarta.activation-api-1.2.2.jar:/Users/tom/.m2/repository/org/assertj/assertj-core/3.19.0/assertj-core-3.19.0.jar:/Users/tom/.m2/repository/org/hamcrest/hamcrest/2.2/hamcrest-2.2.jar:/Users/tom/.m2/repository/org/junit/jupiter/junit-jupiter/5.7.2/junit-jupiter-5.7.2.jar:/Users/tom/.m2/repository/org/junit/jupiter/junit-jupiter-api/5.7.2/junit-jupiter-api-5.7.2.jar:/Users/tom/.m2/repository/org/apiguardian/apiguardian-api/1.1.0/apiguardian-api-1.1.0.jar:/Users/tom/.m2/repository/org/opentest4j/opentest4j/1.2.0/opentest4j-1.2.0.jar:/Users/tom/.m2/repository/org/junit/platform/junit-platform-commons/1.7.2/junit-platform-commons-1.7.2.jar:/Users/tom/.m2/repository/org/junit/jupiter/junit-jupiter-params/5.7.2/junit-jupiter-params-5.7.2.jar:/Users/tom/.m2/repository/org/junit/jupiter/junit-jupiter-engine/5.7.2/junit-jupiter-engine-5.7.2.jar:/Users/tom/.m2/repository/org/junit/platform/junit-platform-engine/1.7.2/junit-platform-engine-1.7.2.jar:/Users/tom/.m2/repository/org/mockito/mockito-core/3.9.0/mockito-core-3.9.0.jar:/Users/tom/.m2/repository/net/bytebuddy/byte-buddy/1.10.22/byte-buddy-1.10.22.jar:/Users/tom/.m2/repository/net/bytebuddy/byte-buddy-agent/1.10.22/byte-buddy-agent-1.10.22.jar:/Users/tom/.m2/repository/org/objenesis/objenesis/3.2/objenesis-3.2.jar:/Users/tom/.m2/repository/org/mockito/mockito-junit-jupiter/3.9.0/mockito-junit-jupiter-3.9.0.jar:/Users/tom/.m2/repository/org/skyscreamer/jsonassert/1.5.0/jsonassert-1.5.0.jar:/Users/tom/.m2/repository/com/vaadin/external/google/android-json/0.0.20131108.vaadin1/android-json-0.0.20131108.vaadin1.jar:/Users/tom/.m2/repository/org/springframework/spring-core/5.3.12/spring-core-5.3.12.jar:/Users/tom/.m2/repository/org/springframework/spring-test/5.3.12/spring-test-5.3.12.jar:/Users/tom/.m2/repository/org/xmlunit/xmlunit-core/2.8.3/xmlunit-core-2.8.3.jar:/Users/tom/.m2/repository/org/springframework/security/spring-security-test/5.5.3/spring-security-test-5.5.3.jar:/Users/tom/.m2/repository/org/springframework/security/spring-security-core/5.5.3/spring-security-core-5.5.3.jar:/Users/tom/.m2/repository/org/springframework/security/spring-security-crypto/5.5.3/spring-security-crypto-5.5.3.jar:/Users/tom/.m2/repository/org/springframework/security/spring-security-web/5.5.3/spring-security-web-5.5.3.jar:/Users/tom/.m2/repository/junit/junit/4.13.2/junit-4.13.2.jar:/Users/tom/.m2/repository/org/hamcrest/hamcrest-core/2.2/hamcrest-core-2.2.jar:/Users/tom/.m2/repository/org/languagetool/language-en/5.6/language-en-5.6.jar:/Users/tom/.m2/repository/org/languagetool/languagetool-core/5.6/languagetool-core-5.6.jar:/Users/tom/.m2/repository/org/apache/commons/commons-lang3/3.12.0/commons-lang3-3.12.0.jar:/Users/tom/.m2/repository/org/apache/commons/commons-text/1.9/commons-text-1.9.jar:/Users/tom/.m2/repository/com/google/guava/guava/30.1-jre/guava-30.1-jre.jar:/Users/tom/.m2/repository/com/google/guava/failureaccess/1.0.1/failureaccess-1.0.1.jar:/Users/tom/.m2/repository/com/google/guava/listenablefuture/9999.0-empty-to-avoid-conflict-with-guava/listenablefuture-9999.0-empty-to-avoid-conflict-with-guava.jar:/Users/tom/.m2/repository/com/google/code/findbugs/jsr305/3.0.2/jsr305-3.0.2.jar:/Users/tom/.m2/repository/com/google/errorprone/error_prone_annotations/2.3.4/error_prone_annotations-2.3.4.jar:/Users/tom/.m2/repository/com/google/j2objc/j2objc-annotations/1.3/j2objc-annotations-1.3.jar:/Users/tom/.m2/repository/org/carrot2/morfologik-fsa/2.1.7/morfologik-fsa-2.1.7.jar:/Users/tom/.m2/repository/org/carrot2/morfologik-fsa-builders/2.1.7/morfologik-fsa-builders-2.1.7.jar:/Users/tom/.m2/repository/org/carrot2/morfologik-speller/2.1.7/morfologik-speller-2.1.7.jar:/Users/tom/.m2/repository/org/carrot2/morfologik-stemming/2.1.7/morfologik-stemming-2.1.7.jar:/Users/tom/.m2/repository/com/carrotsearch/hppc/0.8.2/hppc-0.8.2.jar:/Users/tom/.m2/repository/net/loomchild/segment/2.0.1/segment-2.0.1.jar:/Users/tom/.m2/repository/com/hankcs/aho-corasick-double-array-trie/1.2.2/aho-corasick-double-array-trie-1.2.2.jar:/Users/tom/.m2/repository/com/optimaize/languagedetector/language-detector/0.6/language-detector-0.6.jar:/Users/tom/.m2/repository/net/arnx/jsonic/1.2.11/jsonic-1.2.11.jar:/Users/tom/.m2/repository/com/intellij/annotations/12.0/annotations-12.0.jar:/Users/tom/.m2/repository/org/apache/lucene/lucene-core/5.5.5/lucene-core-5.5.5.jar:/Users/tom/.m2/repository/org/apache/lucene/lucene-backward-codecs/5.5.5/lucene-backward-codecs-5.5.5.jar:/Users/tom/.m2/repository/javax/measure/unit-api/1.0/unit-api-1.0.jar:/Users/tom/.m2/repository/tech/units/indriya/1.3/indriya-1.3.jar:/Users/tom/.m2/repository/tech/uom/lib/uom-lib-common/1.1/uom-lib-common-1.1.jar:/Users/tom/.m2/repository/javax/xml/bind/jaxb-api/2.3.1/jaxb-api-2.3.1.jar:/Users/tom/.m2/repository/org/glassfish/jaxb/jaxb-runtime/2.3.5/jaxb-runtime-2.3.5.jar:/Users/tom/.m2/repository/org/glassfish/jaxb/txw2/2.3.5/txw2-2.3.5.jar:/Users/tom/.m2/repository/com/sun/istack/istack-commons-runtime/3.0.12/istack-commons-runtime-3.0.12.jar:/Users/tom/.m2/repository/com/sun/activation/jakarta.activation/1.2.2/jakarta.activation-1.2.2.jar:/Users/tom/.m2/repository/javax/activation/javax.activation-api/1.2.0/javax.activation-api-1.2.0.jar:/Users/tom/.m2/repository/com/gitlab/dumonts/hunspell/1.1.1/hunspell-1.1.1.jar:/Users/tom/.m2/repository/com/nativelibs4java/bridj/0.7.0/bridj-0.7.0.jar:/Users/tom/.m2/repository/com/google/android/tools/dx/1.7/dx-1.7.jar:/Users/tom/.m2/repository/commons-logging/commons-logging/1.2/commons-logging-1.2.jar:/Users/tom/.m2/repository/io/prometheus/simpleclient/0.10.0/simpleclient-0.10.0.jar:/Users/tom/.m2/repository/io/prometheus/simpleclient_guava/0.10.0/simpleclient_guava-0.10.0.jar:/Users/tom/.m2/repository/io/github/resilience4j/resilience4j-circuitbreaker/1.7.1/resilience4j-circuitbreaker-1.7.1.jar:/Users/tom/.m2/repository/io/vavr/vavr/0.10.2/vavr-0.10.2.jar:/Users/tom/.m2/repository/io/vavr/vavr-match/0.10.2/vavr-match-0.10.2.jar:/Users/tom/.m2/repository/io/github/resilience4j/resilience4j-core/1.7.1/resilience4j-core-1.7.1.jar:/Users/tom/.m2/repository/io/github/resilience4j/resilience4j-micrometer/1.7.1/resilience4j-micrometer-1.7.1.jar:/Users/tom/.m2/repository/io/micrometer/micrometer-registry-prometheus/1.7.5/micrometer-registry-prometheus-1.7.5.jar:/Users/tom/.m2/repository/io/micrometer/micrometer-core/1.7.5/micrometer-core-1.7.5.jar:/Users/tom/.m2/repository/org/hdrhistogram/HdrHistogram/2.1.12/HdrHistogram-2.1.12.jar:/Users/tom/.m2/repository/org/latencyutils/LatencyUtils/2.0.3/LatencyUtils-2.0.3.jar:/Users/tom/.m2/repository/io/prometheus/simpleclient_common/0.10.0/simpleclient_common-0.10.0.jar:/Users/tom/.m2/repository/javax/annotation/javax.annotation-api/1.3.2/javax.annotation-api-1.3.2.jar:/Users/tom/.m2/repository/io/grpc/grpc-netty-shaded/1.42.1/grpc-netty-shaded-1.42.1.jar:/Users/tom/.m2/repository/io/perfmark/perfmark-api/0.23.0/perfmark-api-0.23.0.jar:/Users/tom/.m2/repository/io/grpc/grpc-core/1.42.1/grpc-core-1.42.1.jar:/Users/tom/.m2/repository/com/google/code/gson/gson/2.8.8/gson-2.8.8.jar:/Users/tom/.m2/repository/com/google/android/annotations/4.1.1.4/annotations-4.1.1.4.jar:/Users/tom/.m2/repository/io/grpc/grpc-protobuf/1.42.1/grpc-protobuf-1.42.1.jar:/Users/tom/.m2/repository/io/grpc/grpc-api/1.42.1/grpc-api-1.42.1.jar:/Users/tom/.m2/repository/io/grpc/grpc-context/1.42.1/grpc-context-1.42.1.jar:/Users/tom/.m2/repository/com/google/protobuf/protobuf-java/3.17.2/protobuf-java-3.17.2.jar:/Users/tom/.m2/repository/com/google/api/grpc/proto-google-common-protos/2.0.1/proto-google-common-protos-2.0.1.jar:/Users/tom/.m2/repository/io/grpc/grpc-protobuf-lite/1.42.1/grpc-protobuf-lite-1.42.1.jar:/Users/tom/.m2/repository/io/grpc/grpc-stub/1.42.1/grpc-stub-1.42.1.jar:/Users/tom/.m2/repository/org/apache/commons/commons-pool2/2.9.0/commons-pool2-2.9.0.jar:/Users/tom/.m2/repository/org/jetbrains/intellij/deps/trove4j/1.0.20200330/trove4j-1.0.20200330.jar:/Users/tom/.m2/repository/commons-validator/commons-validator/1.7/commons-validator-1.7.jar:/Users/tom/.m2/repository/commons-beanutils/commons-beanutils/1.9.4/commons-beanutils-1.9.4.jar:/Users/tom/.m2/repository/commons-digester/commons-digester/2.1/commons-digester-2.1.jar:/Users/tom/.m2/repository/com/vdurmont/emoji-java/5.1.1/emoji-java-5.1.1.jar:/Users/tom/.m2/repository/org/json/json/20170516/json-20170516.jar:/Users/tom/.m2/repository/org/apache/opennlp/opennlp-tools/1.9.4/opennlp-tools-1.9.4.jar:/Users/tom/.m2/repository/edu/washington/cs/knowitall/opennlp-tokenize-models/1.5/opennlp-tokenize-models-1.5.jar:/Users/tom/.m2/repository/edu/washington/cs/knowitall/opennlp-postag-models/1.5/opennlp-postag-models-1.5.jar:/Users/tom/.m2/repository/edu/washington/cs/knowitall/opennlp-chunk-models/1.5/opennlp-chunk-models-1.5.jar:/Users/tom/.m2/repository/com/github/doyaaaaaken/kotlin-csv-jvm/1.2.0/kotlin-csv-jvm-1.2.0.jar:/Users/tom/.m2/repository/org/jetbrains/kotlin/kotlin-stdlib-common/1.6.10/kotlin-stdlib-common-1.6.10.jar:/Users/tom/.m2/repository/io/github/microutils/kotlin-logging-jvm/2.0.11/kotlin-logging-jvm-2.0.11.jar:/Users/tom/.m2/repository/org/jetbrains/kotlinx/kotlinx-coroutines-core-jvm/1.5.2/kotlinx-coroutines-core-jvm-1.5.2.jar:/Users/tom/.m2/repository/com/github/doyaaaaaken/kotlin-csv-js/1.2.0/kotlin-csv-js-1.2.0.jar:/Users/tom/.m2/repository/org/jetbrains/kotlin/kotlin-stdlib-js/1.6.10/kotlin-stdlib-js-1.6.10.jar:/Users/tom/.m2/repository/io/github/microutils/kotlin-logging-js/2.0.11/kotlin-logging-js-2.0.11.jar:"/>
    <property name="java.vm.vendor" value="Homebrew"/>
    <property name="sun.arch.data.model" value="64"/>
    <property name="java.vendor.url" value="https://github.com/Homebrew/homebrew-core/issues"/>
    <property name="os.name" value="Mac OS X"/>
    <property name="java.vm.specification.version" value="17"/>
    <property name="sun.java.launcher" value="SUN_STANDARD"/>
    <property name="user.country" value="GB"/>
    <property name="sun.boot.library.path" value="/usr/local/Cellar/openjdk/17.0.2/libexec/openjdk.jdk/Contents/Home/lib"/>
    <property name="sun.java.command" value="/Users/tom/mirrored-keyboard/app-server/target/surefire/surefirebooter3795005974218769408.jar /Users/tom/mirrored-keyboard/app-server/target/surefire 2022-02-17T15-23-46_258-jvmRun1 surefire8549374249152837241tmp surefire_017319648558991530616tmp"/>
    <property name="http.nonProxyHosts" value="local|*.local|169.254/16|*.169.254/16"/>
    <property name="jdk.debug" value="release"/>
    <property name="surefire.test.class.path" value="/Users/tom/mirrored-keyboard/app-server/target/test-classes:/Users/tom/mirrored-keyboard/app-server/target/classes:/Users/tom/.m2/repository/org/springframework/boot/spring-boot-starter-web/2.5.6/spring-boot-starter-web-2.5.6.jar:/Users/tom/.m2/repository/org/springframework/boot/spring-boot-starter/2.5.6/spring-boot-starter-2.5.6.jar:/Users/tom/.m2/repository/org/springframework/boot/spring-boot-starter-logging/2.5.6/spring-boot-starter-logging-2.5.6.jar:/Users/tom/.m2/repository/ch/qos/logback/logback-classic/1.2.6/logback-classic-1.2.6.jar:/Users/tom/.m2/repository/ch/qos/logback/logback-core/1.2.6/logback-core-1.2.6.jar:/Users/tom/.m2/repository/org/apache/logging/log4j/log4j-to-slf4j/2.14.1/log4j-to-slf4j-2.14.1.jar:/Users/tom/.m2/repository/org/apache/logging/log4j/log4j-api/2.14.1/log4j-api-2.14.1.jar:/Users/tom/.m2/repository/org/slf4j/jul-to-slf4j/1.7.32/jul-to-slf4j-1.7.32.jar:/Users/tom/.m2/repository/jakarta/annotation/jakarta.annotation-api/1.3.5/jakarta.annotation-api-1.3.5.jar:/Users/tom/.m2/repository/org/yaml/snakeyaml/1.28/snakeyaml-1.28.jar:/Users/tom/.m2/repository/org/springframework/boot/spring-boot-starter-json/2.5.6/spring-boot-starter-json-2.5.6.jar:/Users/tom/.m2/repository/com/fasterxml/jackson/core/jackson-databind/2.12.5/jackson-databind-2.12.5.jar:/Users/tom/.m2/repository/com/fasterxml/jackson/core/jackson-annotations/2.12.5/jackson-annotations-2.12.5.jar:/Users/tom/.m2/repository/com/fasterxml/jackson/core/jackson-core/2.12.5/jackson-core-2.12.5.jar:/Users/tom/.m2/repository/com/fasterxml/jackson/datatype/jackson-datatype-jdk8/2.12.5/jackson-datatype-jdk8-2.12.5.jar:/Users/tom/.m2/repository/com/fasterxml/jackson/datatype/jackson-datatype-jsr310/2.12.5/jackson-datatype-jsr310-2.12.5.jar:/Users/tom/.m2/repository/com/fasterxml/jackson/module/jackson-module-parameter-names/2.12.5/jackson-module-parameter-names-2.12.5.jar:/Users/tom/.m2/repository/org/springframework/boot/spring-boot-starter-tomcat/2.5.6/spring-boot-starter-tomcat-2.5.6.jar:/Users/tom/.m2/repository/org/apache/tomcat/embed/tomcat-embed-core/9.0.54/tomcat-embed-core-9.0.54.jar:/Users/tom/.m2/repository/org/apache/tomcat/embed/tomcat-embed-el/9.0.54/tomcat-embed-el-9.0.54.jar:/Users/tom/.m2/repository/org/apache/tomcat/embed/tomcat-embed-websocket/9.0.54/tomcat-embed-websocket-9.0.54.jar:/Users/tom/.m2/repository/org/springframework/spring-web/5.3.12/spring-web-5.3.12.jar:/Users/tom/.m2/repository/org/springframework/spring-beans/5.3.12/spring-beans-5.3.12.jar:/Users/tom/.m2/repository/org/springframework/spring-webmvc/5.3.12/spring-webmvc-5.3.12.jar:/Users/tom/.m2/repository/org/springframework/spring-aop/5.3.12/spring-aop-5.3.12.jar:/Users/tom/.m2/repository/org/springframework/spring-context/5.3.12/spring-context-5.3.12.jar:/Users/tom/.m2/repository/org/springframework/spring-expression/5.3.12/spring-expression-5.3.12.jar:/Users/tom/.m2/repository/org/jetbrains/kotlin/kotlin-reflect/1.6.10/kotlin-reflect-1.6.10.jar:/Users/tom/.m2/repository/org/jetbrains/kotlin/kotlin-stdlib/1.6.10/kotlin-stdlib-1.6.10.jar:/Users/tom/.m2/repository/org/jetbrains/annotations/13.0/annotations-13.0.jar:/Users/tom/.m2/repository/org/jetbrains/kotlin/kotlin-stdlib-jdk8/1.6.10/kotlin-stdlib-jdk8-1.6.10.jar:/Users/tom/.m2/repository/org/jetbrains/kotlin/kotlin-stdlib-jdk7/1.6.10/kotlin-stdlib-jdk7-1.6.10.jar:/Users/tom/.m2/repository/org/springframework/session/spring-session-core/2.5.3/spring-session-core-2.5.3.jar:/Users/tom/.m2/repository/org/springframework/spring-jcl/5.3.12/spring-jcl-5.3.12.jar:/Users/tom/.m2/repository/org/springframework/boot/spring-boot-devtools/2.5.6/spring-boot-devtools-2.5.6.jar:/Users/tom/.m2/repository/org/springframework/boot/spring-boot/2.5.6/spring-boot-2.5.6.jar:/Users/tom/.m2/repository/org/springframework/boot/spring-boot-autoconfigure/2.5.6/spring-boot-autoconfigure-2.5.6.jar:/Users/tom/.m2/repository/org/postgresql/postgresql/42.2.24/postgresql-42.2.24.jar:/Users/tom/.m2/repository/org/checkerframework/checker-qual/3.5.0/checker-qual-3.5.0.jar:/Users/tom/.m2/repository/org/springframework/boot/spring-boot-starter-test/2.5.6/spring-boot-starter-test-2.5.6.jar:/Users/tom/.m2/repository/org/springframework/boot/spring-boot-test/2.5.6/spring-boot-test-2.5.6.jar:/Users/tom/.m2/repository/org/springframework/boot/spring-boot-test-autoconfigure/2.5.6/spring-boot-test-autoconfigure-2.5.6.jar:/Users/tom/.m2/repository/com/jayway/jsonpath/json-path/2.5.0/json-path-2.5.0.jar:/Users/tom/.m2/repository/net/minidev/json-smart/2.4.7/json-smart-2.4.7.jar:/Users/tom/.m2/repository/net/minidev/accessors-smart/2.4.7/accessors-smart-2.4.7.jar:/Users/tom/.m2/repository/org/ow2/asm/asm/9.1/asm-9.1.jar:/Users/tom/.m2/repository/org/slf4j/slf4j-api/1.7.32/slf4j-api-1.7.32.jar:/Users/tom/.m2/repository/jakarta/xml/bind/jakarta.xml.bind-api/2.3.3/jakarta.xml.bind-api-2.3.3.jar:/Users/tom/.m2/repository/jakarta/activation/jakarta.activation-api/1.2.2/jakarta.activation-api-1.2.2.jar:/Users/tom/.m2/repository/org/assertj/assertj-core/3.19.0/assertj-core-3.19.0.jar:/Users/tom/.m2/repository/org/hamcrest/hamcrest/2.2/hamcrest-2.2.jar:/Users/tom/.m2/repository/org/junit/jupiter/junit-jupiter/5.7.2/junit-jupiter-5.7.2.jar:/Users/tom/.m2/repository/org/junit/jupiter/junit-jupiter-api/5.7.2/junit-jupiter-api-5.7.2.jar:/Users/tom/.m2/repository/org/apiguardian/apiguardian-api/1.1.0/apiguardian-api-1.1.0.jar:/Users/tom/.m2/repository/org/opentest4j/opentest4j/1.2.0/opentest4j-1.2.0.jar:/Users/tom/.m2/repository/org/junit/platform/junit-platform-commons/1.7.2/junit-platform-commons-1.7.2.jar:/Users/tom/.m2/repository/org/junit/jupiter/junit-jupiter-params/5.7.2/junit-jupiter-params-5.7.2.jar:/Users/tom/.m2/repository/org/junit/jupiter/junit-jupiter-engine/5.7.2/junit-jupiter-engine-5.7.2.jar:/Users/tom/.m2/repository/org/junit/platform/junit-platform-engine/1.7.2/junit-platform-engine-1.7.2.jar:/Users/tom/.m2/repository/org/mockito/mockito-core/3.9.0/mockito-core-3.9.0.jar:/Users/tom/.m2/repository/net/bytebuddy/byte-buddy/1.10.22/byte-buddy-1.10.22.jar:/Users/tom/.m2/repository/net/bytebuddy/byte-buddy-agent/1.10.22/byte-buddy-agent-1.10.22.jar:/Users/tom/.m2/repository/org/objenesis/objenesis/3.2/objenesis-3.2.jar:/Users/tom/.m2/repository/org/mockito/mockito-junit-jupiter/3.9.0/mockito-junit-jupiter-3.9.0.jar:/Users/tom/.m2/repository/org/skyscreamer/jsonassert/1.5.0/jsonassert-1.5.0.jar:/Users/tom/.m2/repository/com/vaadin/external/google/android-json/0.0.20131108.vaadin1/android-json-0.0.20131108.vaadin1.jar:/Users/tom/.m2/repository/org/springframework/spring-core/5.3.12/spring-core-5.3.12.jar:/Users/tom/.m2/repository/org/springframework/spring-test/5.3.12/spring-test-5.3.12.jar:/Users/tom/.m2/repository/org/xmlunit/xmlunit-core/2.8.3/xmlunit-core-2.8.3.jar:/Users/tom/.m2/repository/org/springframework/security/spring-security-test/5.5.3/spring-security-test-5.5.3.jar:/Users/tom/.m2/repository/org/springframework/security/spring-security-core/5.5.3/spring-security-core-5.5.3.jar:/Users/tom/.m2/repository/org/springframework/security/spring-security-crypto/5.5.3/spring-security-crypto-5.5.3.jar:/Users/tom/.m2/repository/org/springframework/security/spring-security-web/5.5.3/spring-security-web-5.5.3.jar:/Users/tom/.m2/repository/junit/junit/4.13.2/junit-4.13.2.jar:/Users/tom/.m2/repository/org/hamcrest/hamcrest-core/2.2/hamcrest-core-2.2.jar:/Users/tom/.m2/repository/org/languagetool/language-en/5.6/language-en-5.6.jar:/Users/tom/.m2/repository/org/languagetool/languagetool-core/5.6/languagetool-core-5.6.jar:/Users/tom/.m2/repository/org/apache/commons/commons-lang3/3.12.0/commons-lang3-3.12.0.jar:/Users/tom/.m2/repository/org/apache/commons/commons-text/1.9/commons-text-1.9.jar:/Users/tom/.m2/repository/com/google/guava/guava/30.1-jre/guava-30.1-jre.jar:/Users/tom/.m2/repository/com/google/guava/failureaccess/1.0.1/failureaccess-1.0.1.jar:/Users/tom/.m2/repository/com/google/guava/listenablefuture/9999.0-empty-to-avoid-conflict-with-guava/listenablefuture-9999.0-empty-to-avoid-conflict-with-guava.jar:/Users/tom/.m2/repository/com/google/code/findbugs/jsr305/3.0.2/jsr305-3.0.2.jar:/Users/tom/.m2/repository/com/google/errorprone/error_prone_annotations/2.3.4/error_prone_annotations-2.3.4.jar:/Users/tom/.m2/repository/com/google/j2objc/j2objc-annotations/1.3/j2objc-annotations-1.3.jar:/Users/tom/.m2/repository/org/carrot2/morfologik-fsa/2.1.7/morfologik-fsa-2.1.7.jar:/Users/tom/.m2/repository/org/carrot2/morfologik-fsa-builders/2.1.7/morfologik-fsa-builders-2.1.7.jar:/Users/tom/.m2/repository/org/carrot2/morfologik-speller/2.1.7/morfologik-speller-2.1.7.jar:/Users/tom/.m2/repository/org/carrot2/morfologik-stemming/2.1.7/morfologik-stemming-2.1.7.jar:/Users/tom/.m2/repository/com/carrotsearch/hppc/0.8.2/hppc-0.8.2.jar:/Users/tom/.m2/repository/net/loomchild/segment/2.0.1/segment-2.0.1.jar:/Users/tom/.m2/repository/com/hankcs/aho-corasick-double-array-trie/1.2.2/aho-corasick-double-array-trie-1.2.2.jar:/Users/tom/.m2/repository/com/optimaize/languagedetector/language-detector/0.6/language-detector-0.6.jar:/Users/tom/.m2/repository/net/arnx/jsonic/1.2.11/jsonic-1.2.11.jar:/Users/tom/.m2/repository/com/intellij/annotations/12.0/annotations-12.0.jar:/Users/tom/.m2/repository/org/apache/lucene/lucene-core/5.5.5/lucene-core-5.5.5.jar:/Users/tom/.m2/repository/org/apache/lucene/lucene-backward-codecs/5.5.5/lucene-backward-codecs-5.5.5.jar:/Users/tom/.m2/repository/javax/measure/unit-api/1.0/unit-api-1.0.jar:/Users/tom/.m2/repository/tech/units/indriya/1.3/indriya-1.3.jar:/Users/tom/.m2/repository/tech/uom/lib/uom-lib-common/1.1/uom-lib-common-1.1.jar:/Users/tom/.m2/repository/javax/xml/bind/jaxb-api/2.3.1/jaxb-api-2.3.1.jar:/Users/tom/.m2/repository/org/glassfish/jaxb/jaxb-runtime/2.3.5/jaxb-runtime-2.3.5.jar:/Users/tom/.m2/repository/org/glassfish/jaxb/txw2/2.3.5/txw2-2.3.5.jar:/Users/tom/.m2/repository/com/sun/istack/istack-commons-runtime/3.0.12/istack-commons-runtime-3.0.12.jar:/Users/tom/.m2/repository/com/sun/activation/jakarta.activation/1.2.2/jakarta.activation-1.2.2.jar:/Users/tom/.m2/repository/javax/activation/javax.activation-api/1.2.0/javax.activation-api-1.2.0.jar:/Users/tom/.m2/repository/com/gitlab/dumonts/hunspell/1.1.1/hunspell-1.1.1.jar:/Users/tom/.m2/repository/com/nativelibs4java/bridj/0.7.0/bridj-0.7.0.jar:/Users/tom/.m2/repository/com/google/android/tools/dx/1.7/dx-1.7.jar:/Users/tom/.m2/repository/commons-logging/commons-logging/1.2/commons-logging-1.2.jar:/Users/tom/.m2/repository/io/prometheus/simpleclient/0.10.0/simpleclient-0.10.0.jar:/Users/tom/.m2/repository/io/prometheus/simpleclient_guava/0.10.0/simpleclient_guava-0.10.0.jar:/Users/tom/.m2/repository/io/github/resilience4j/resilience4j-circuitbreaker/1.7.1/resilience4j-circuitbreaker-1.7.1.jar:/Users/tom/.m2/repository/io/vavr/vavr/0.10.2/vavr-0.10.2.jar:/Users/tom/.m2/repository/io/vavr/vavr-match/0.10.2/vavr-match-0.10.2.jar:/Users/tom/.m2/repository/io/github/resilience4j/resilience4j-core/1.7.1/resilience4j-core-1.7.1.jar:/Users/tom/.m2/repository/io/github/resilience4j/resilience4j-micrometer/1.7.1/resilience4j-micrometer-1.7.1.jar:/Users/tom/.m2/repository/io/micrometer/micrometer-registry-prometheus/1.7.5/micrometer-registry-prometheus-1.7.5.jar:/Users/tom/.m2/repository/io/micrometer/micrometer-core/1.7.5/micrometer-core-1.7.5.jar:/Users/tom/.m2/repository/org/hdrhistogram/HdrHistogram/2.1.12/HdrHistogram-2.1.12.jar:/Users/tom/.m2/repository/org/latencyutils/LatencyUtils/2.0.3/LatencyUtils-2.0.3.jar:/Users/tom/.m2/repository/io/prometheus/simpleclient_common/0.10.0/simpleclient_common-0.10.0.jar:/Users/tom/.m2/repository/javax/annotation/javax.annotation-api/1.3.2/javax.annotation-api-1.3.2.jar:/Users/tom/.m2/repository/io/grpc/grpc-netty-shaded/1.42.1/grpc-netty-shaded-1.42.1.jar:/Users/tom/.m2/repository/io/perfmark/perfmark-api/0.23.0/perfmark-api-0.23.0.jar:/Users/tom/.m2/repository/io/grpc/grpc-core/1.42.1/grpc-core-1.42.1.jar:/Users/tom/.m2/repository/com/google/code/gson/gson/2.8.8/gson-2.8.8.jar:/Users/tom/.m2/repository/com/google/android/annotations/4.1.1.4/annotations-4.1.1.4.jar:/Users/tom/.m2/repository/io/grpc/grpc-protobuf/1.42.1/grpc-protobuf-1.42.1.jar:/Users/tom/.m2/repository/io/grpc/grpc-api/1.42.1/grpc-api-1.42.1.jar:/Users/tom/.m2/repository/io/grpc/grpc-context/1.42.1/grpc-context-1.42.1.jar:/Users/tom/.m2/repository/com/google/protobuf/protobuf-java/3.17.2/protobuf-java-3.17.2.jar:/Users/tom/.m2/repository/com/google/api/grpc/proto-google-common-protos/2.0.1/proto-google-common-protos-2.0.1.jar:/Users/tom/.m2/repository/io/grpc/grpc-protobuf-lite/1.42.1/grpc-protobuf-lite-1.42.1.jar:/Users/tom/.m2/repository/io/grpc/grpc-stub/1.42.1/grpc-stub-1.42.1.jar:/Users/tom/.m2/repository/org/apache/commons/commons-pool2/2.9.0/commons-pool2-2.9.0.jar:/Users/tom/.m2/repository/org/jetbrains/intellij/deps/trove4j/1.0.20200330/trove4j-1.0.20200330.jar:/Users/tom/.m2/repository/commons-validator/commons-validator/1.7/commons-validator-1.7.jar:/Users/tom/.m2/repository/commons-beanutils/commons-beanutils/1.9.4/commons-beanutils-1.9.4.jar:/Users/tom/.m2/repository/commons-digester/commons-digester/2.1/commons-digester-2.1.jar:/Users/tom/.m2/repository/com/vdurmont/emoji-java/5.1.1/emoji-java-5.1.1.jar:/Users/tom/.m2/repository/org/json/json/20170516/json-20170516.jar:/Users/tom/.m2/repository/org/apache/opennlp/opennlp-tools/1.9.4/opennlp-tools-1.9.4.jar:/Users/tom/.m2/repository/edu/washington/cs/knowitall/opennlp-tokenize-models/1.5/opennlp-tokenize-models-1.5.jar:/Users/tom/.m2/repository/edu/washington/cs/knowitall/opennlp-postag-models/1.5/opennlp-postag-models-1.5.jar:/Users/tom/.m2/repository/edu/washington/cs/knowitall/opennlp-chunk-models/1.5/opennlp-chunk-models-1.5.jar:/Users/tom/.m2/repository/com/github/doyaaaaaken/kotlin-csv-jvm/1.2.0/kotlin-csv-jvm-1.2.0.jar:/Users/tom/.m2/repository/org/jetbrains/kotlin/kotlin-stdlib-common/1.6.10/kotlin-stdlib-common-1.6.10.jar:/Users/tom/.m2/repository/io/github/microutils/kotlin-logging-jvm/2.0.11/kotlin-logging-jvm-2.0.11.jar:/Users/tom/.m2/repository/org/jetbrains/kotlinx/kotlinx-coroutines-core-jvm/1.5.2/kotlinx-coroutines-core-jvm-1.5.2.jar:/Users/tom/.m2/repository/com/github/doyaaaaaken/kotlin-csv-js/1.2.0/kotlin-csv-js-1.2.0.jar:/Users/tom/.m2/repository/org/jetbrains/kotlin/kotlin-stdlib-js/1.6.10/kotlin-stdlib-js-1.6.10.jar:/Users/tom/.m2/repository/io/github/microutils/kotlin-logging-js/2.0.11/kotlin-logging-js-2.0.11.jar:"/>
    <property name="sun.cpu.endian" value="little"/>
    <property name="user.home" value="/Users/tom"/>
    <property name="user.language" value="en"/>
    <property name="java.specification.vendor" value="Oracle Corporation"/>
    <property name="java.version.date" value="2022-01-18"/>
    <property name="java.home" value="/usr/local/Cellar/openjdk/17.0.2/libexec/openjdk.jdk/Contents/Home"/>
    <property name="file.separator" value="/"/>
    <property name="basedir" value="/Users/tom/mirrored-keyboard/app-server"/>
    <property name="java.vm.compressedOopsMode" value="Zero based"/>
    <property name="line.separator" value="&#10;"/>
    <property name="java.specification.name" value="Java Platform API Specification"/>
    <property name="java.vm.specification.vendor" value="Oracle Corporation"/>
    <property name="surefire.real.class.path" value="/Users/tom/mirrored-keyboard/app-server/target/surefire/surefirebooter3795005974218769408.jar"/>
    <property name="sun.management.compiler" value="HotSpot 64-Bit Tiered Compilers"/>
    <property name="ftp.nonProxyHosts" value="local|*.local|169.254/16|*.169.254/16"/>
    <property name="java.runtime.version" value="17.0.2+0"/>
    <property name="user.name" value="tom"/>
    <property name="path.separator" value=":"/>
    <property name="os.version" value="11.6.3"/>
    <property name="java.runtime.name" value="OpenJDK Runtime Environment"/>
    <property name="file.encoding" value="UTF-8"/>
    <property name="java.vm.name" value="OpenJDK 64-Bit Server VM"/>
    <property name="java.vendor.version" value="Homebrew"/>
    <property name="localRepository" value="/Users/tom/.m2/repository"/>
    <property name="java.vendor.url.bug" value="https://github.com/Homebrew/homebrew-core/issues"/>
    <property name="java.io.tmpdir" value="/var/folders/nc/_kxks8rn5rx41yh2zvj5yjsh0000gn/T/"/>
    <property name="java.version" value="17.0.2"/>
    <property name="user.dir" value="/Users/tom/mirrored-keyboard/app-server"/>
    <property name="os.arch" value="x86_64"/>
    <property name="java.vm.specification.name" value="Java Virtual Machine Specification"/>
    <property name="native.encoding" value="UTF-8"/>
    <property name="java.library.path" value="/Users/tom/Library/Java/Extensions:/Library/Java/Extensions:/Network/Library/Java/Extensions:/System/Library/Java/Extensions:/usr/lib/java:."/>
    <property name="java.vm.info" value="mixed mode, sharing"/>
    <property name="java.vendor" value="Homebrew"/>
    <property name="java.vm.version" value="17.0.2+0"/>
    <property name="sun.io.unicode.encoding" value="UnicodeBig"/>
    <property name="socksNonProxyHosts" value="local|*.local|169.254/16|*.169.254/16"/>
    <property name="java.class.version" value="61.0"/>
  </properties>
  <testcase name="api_test" classname="tmcowley.appserver.APITest" time="6.269"/>
  <testcase name="testSubmit" classname="tmcowley.appserver.APITest" time="0.004"/>
</testsuite>